[5/3/2024, 4:55:41 PM] Error: accountSid must start with AC
    at new Client (C:\Users\Student\sushilKandu\ScreechCart\backend\node_modules\twilio\lib\base\BaseTwilio.js:71:23)
    at new Twilio (C:\Users\Student\sushilKandu\ScreechCart\backend\node_modules\twilio\lib\rest\Twilio.js:33:9)
    at TwilioSDK (C:\Users\Student\sushilKandu\ScreechCart\backend\node_modules\twilio\lib\index.js:40:12)
    at Object.<anonymous> (C:\Users\Student\sushilKandu\ScreechCart\backend\tools\tools.js:8:37)
    at Module._compile (node:internal/modules/cjs/loader:1369:14)
    at Module._extensions..js (node:internal/modules/cjs/loader:1427:10)
    at Module.load (node:internal/modules/cjs/loader:1206:32)
    at Module._load (node:internal/modules/cjs/loader:1022:12)
    at Module.require (node:internal/modules/cjs/loader:1231:19)
    at require (node:internal/modules/helpers:179:18) 
[5/3/2024, 4:55:42 PM] Error: `key_id` is mandatory
    at new Razorpay (C:\Users\Student\sushilKandu\ScreechCart\backend\node_modules\razorpay\dist\razorpay.js:33:13)
    at Object.<anonymous> (C:\Users\Student\sushilKandu\ScreechCart\backend\controller\user\item\itemController.js:10:20)
    at Module._compile (node:internal/modules/cjs/loader:1369:14)
    at Module._extensions..js (node:internal/modules/cjs/loader:1427:10)
    at Module.load (node:internal/modules/cjs/loader:1206:32)
    at Module._load (node:internal/modules/cjs/loader:1022:12)
    at Module.require (node:internal/modules/cjs/loader:1231:19)
    at require (node:internal/modules/helpers:179:18)
    at Object.<anonymous> (C:\Users\Student\sushilKandu\ScreechCart\backend\routes\user\item\itemRoutes.js:4:115)
    at Module._compile (node:internal/modules/cjs/loader:1369:14)
    at Module._extensions..js (node:internal/modules/cjs/loader:1427:10)
    at Module.load (node:internal/modules/cjs/loader:1206:32)
    at Module._load (node:internal/modules/cjs/loader:1022:12)
    at Module.require (node:internal/modules/cjs/loader:1231:19)
    at require (node:internal/modules/helpers:179:18)
    at Object.<anonymous> (C:\Users\Student\sushilKandu\ScreechCart\backend\index.js:22:25)
    at Module._compile (node:internal/modules/cjs/loader:1369:14)
    at Module._extensions..js (node:internal/modules/cjs/loader:1427:10)
    at Module.load (node:internal/modules/cjs/loader:1206:32)
    at Module._load (node:internal/modules/cjs/loader:1022:12)
    at Function.executeUserEntryPoint [as runMain] (node:internal/modules/run_main:135:12)
    at node:internal/main/run_main_module:28:49 
[5/3/2024, 4:55:42 PM] Error: Route.get() requires a callback function but got a [object Undefined]
    at Route.<computed> [as get] (C:\Users\Student\sushilKandu\ScreechCart\backend\node_modules\express\lib\router\route.js:211:15)
    at proto.<computed> [as get] (C:\Users\Student\sushilKandu\ScreechCart\backend\node_modules\express\lib\router\index.js:521:19)
    at Object.<anonymous> (C:\Users\Student\sushilKandu\ScreechCart\backend\routes\user\item\itemRoutes.js:7:12)
    at Module._compile (node:internal/modules/cjs/loader:1369:14)
    at Module._extensions..js (node:internal/modules/cjs/loader:1427:10)
    at Module.load (node:internal/modules/cjs/loader:1206:32)
    at Module._load (node:internal/modules/cjs/loader:1022:12)
    at Module.require (node:internal/modules/cjs/loader:1231:19)
    at require (node:internal/modules/helpers:179:18)
    at Object.<anonymous> (C:\Users\Student\sushilKandu\ScreechCart\backend\index.js:22:25)
    at Module._compile (node:internal/modules/cjs/loader:1369:14)
    at Module._extensions..js (node:internal/modules/cjs/loader:1427:10)
    at Module.load (node:internal/modules/cjs/loader:1206:32)
    at Module._load (node:internal/modules/cjs/loader:1022:12)
    at Function.executeUserEntryPoint [as runMain] (node:internal/modules/run_main:135:12)
    at node:internal/main/run_main_module:28:49 
